# JRE version: OpenJDK Runtime Environment Temurin-21.0.12.1+1 (21.0.12.1+1) (build 21.0.12.1+1-LTS)
# Java VM: OpenJDK 64-Bit Server VM Temurin-21.0.12.1+1 (21.0.12.1+1-LTS, mixed mode, sharing, tiered, compressed oops, compressed class ptrs, g1 gc, windows-amd64)
GC Precious Log:
 CardTable entry size: 512
 Card Set container configuration: InlinePtr #cards 4 size 8 Array Of Cards #cards 32 size 80 Howl #buckets 8 coarsen threshold 7372 Howl Bitmap #cards 1024 size 144 coarsen threshold 921 Card regions per heap region 1 cards per card region 8192
 CPUs: 12 total, 12 available
 Memory: 16108M
 Large Page Support: Disabled
 NUMA Support: Disabled
 Compressed Oops: Enabled (Zero based)
 Heap Region Size: 4M
 Heap Min Capacity: 8M
 Heap Initial Capacity: 252M
 Heap Max Capacity: 8G
 Pre-touch: Disabled
 Parallel Workers: 10
 Concurrent Workers: 3
 Concurrent Refinement Workers: 10
 Periodic GC: Disabled
Heap:
 garbage-first heap   total 102400K, used 77292K [0x0000000600000000, 0x0000000800000000)
  region size 4096K, 8 young (32768K), 2 survivors (8192K)
 Metaspace       used 68898K, committed 71104K, reserved 1114112K
  class space    used 10191K, committed 11264K, reserved 1048576K
GC Heap History (20 events):
Event: 14.532 GC heap before
{Heap before GC invocations=10 (full 0):
 garbage-first heap   total 102400K, used 82593K [0x0000000600000000, 0x0000000800000000)
  region size 4096K, 14 young (57344K), 2 survivors (8192K)
 Metaspace       used 41598K, committed 43264K, reserved 1114112K
  class space    used 6129K, committed 6912K, reserved 1048576K
}
Event: 14.539 GC heap after
{Heap after GC invocations=11 (full 0):
 garbage-first heap   total 102400K, used 34956K [0x0000000600000000, 0x0000000800000000)
  region size 4096K, 2 young (8192K), 2 survivors (8192K)
 Metaspace       used 41598K, committed 43264K, reserved 1114112K
  class space    used 6129K, committed 6912K, reserved 1048576K
}
Event: 16.758 GC heap before
{Heap before GC invocations=11 (full 0):
 garbage-first heap   total 102400K, used 84108K [0x0000000600000000, 0x0000000800000000)
  region size 4096K, 14 young (57344K), 2 survivors (8192K)
 Metaspace       used 45721K, committed 47552K, reserved 1114112K
  class space    used 6814K, committed 7680K, reserved 1048576K
}
Event: 16.765 GC heap after
{Heap after GC invocations=12 (full 0):
 garbage-first heap   total 102400K, used 37847K [0x0000000600000000, 0x0000000800000000)
  region size 4096K, 2 young (8192K), 2 survivors (8192K)
 Metaspace       used 45721K, committed 47552K, reserved 1114112K
  class space    used 6814K, committed 7680K, reserved 1048576K
}
Event: 19.881 GC heap before
{Heap before GC invocations=12 (full 0):
 garbage-first heap   total 102400K, used 82903K [0x0000000600000000, 0x0000000800000000)
  region size 4096K, 13 young (53248K), 2 survivors (8192K)
 Metaspace       used 49215K, committed 51072K, reserved 1114112K
  class space    used 7328K, committed 8192K, reserved 1048576K
}
Event: 19.890 GC heap after
{Heap after GC invocations=13 (full 0):
 garbage-first heap   total 102400K, used 42331K [0x0000000600000000, 0x0000000800000000)
  region size 4096K, 2 young (8192K), 2 survivors (8192K)
 Metaspace       used 49215K, committed 51072K, reserved 1114112K
  class space    used 7328K, committed 8192K, reserved 1048576K
}
Event: 23.426 GC heap before
{Heap before GC invocations=13 (full 0):
 garbage-first heap   total 102400K, used 83291K [0x0000000600000000, 0x0000000800000000)
  region size 4096K, 13 young (53248K), 2 survivors (8192K)
 Metaspace       used 52070K, committed 54080K, reserved 1114112K
  class space    used 7782K, committed 8768K, reserved 1048576K
}
Event: 23.434 GC heap after
{Heap after GC invocations=14 (full 0):
 garbage-first heap   total 102400K, used 43287K [0x0000000600000000, 0x0000000800000000)
  region size 4096K, 1 young (4096K), 1 survivors (4096K)
 Metaspace       used 52070K, committed 54080K, reserved 1114112K
  class space    used 7782K, committed 8768K, reserved 1048576K
}
Event: 25.367 GC heap before
{Heap before GC invocations=14 (full 0):
 garbage-first heap   total 102400K, used 84247K [0x0000000600000000, 0x0000000800000000)
  region size 4096K, 12 young (49152K), 1 survivors (4096K)
 Metaspace       used 56296K, committed 58240K, reserved 1114112K
  class space    used 8365K, committed 9344K, reserved 1048576K
}
Event: 25.371 GC heap after
{Heap after GC invocations=15 (full 0):
 garbage-first heap   total 102400K, used 48118K [0x0000000600000000, 0x0000000800000000)
  region size 4096K, 2 young (8192K), 2 survivors (8192K)
 Metaspace       used 56296K, committed 58240K, reserved 1114112K
  class space    used 8365K, committed 9344K, reserved 1048576K
}
Event: 26.079 GC heap before
{Heap before GC invocations=15 (full 0):
 garbage-first heap   total 102400K, used 64502K [0x0000000600000000, 0x0000000800000000)
  region size 4096K, 7 young (28672K), 2 survivors (8192K)
 Metaspace       used 58774K, committed 60800K, reserved 1114112K
  class space    used 8666K, committed 9664K, reserved 1048576K
}
Event: 26.086 GC heap after
{Heap after GC invocations=16 (full 0):
 garbage-first heap   total 102400K, used 51431K [0x0000000600000000, 0x0000000800000000)
  region size 4096K, 1 young (4096K), 1 survivors (4096K)
 Metaspace       used 58774K, committed 60800K, reserved 1114112K
  class space    used 8666K, committed 9664K, reserved 1048576K
}
Event: 27.070 GC heap before
{Heap before GC invocations=17 (full 0):
 garbage-first heap   total 102400K, used 84199K [0x0000000600000000, 0x0000000800000000)
  region size 4096K, 9 young (36864K), 1 survivors (4096K)
 Metaspace       used 61067K, committed 63168K, reserved 1114112K
  class space    used 9034K, committed 10048K, reserved 1048576K
}
Event: 27.074 GC heap after
{Heap after GC invocations=18 (full 0):
 garbage-first heap   total 102400K, used 52011K [0x0000000600000000, 0x0000000800000000)
  region size 4096K, 1 young (4096K), 1 survivors (4096K)
 Metaspace       used 61067K, committed 63168K, reserved 1114112K
  class space    used 9034K, committed 10048K, reserved 1048576K
}
Event: 27.978 GC heap before
{Heap before GC invocations=18 (full 0):
 garbage-first heap   total 102400K, used 84779K [0x0000000600000000, 0x0000000800000000)
  region size 4096K, 9 young (36864K), 1 survivors (4096K)
 Metaspace       used 63189K, committed 65280K, reserved 1114112K
  class space    used 9329K, committed 10368K, reserved 1048576K
}
Event: 27.984 GC heap after
{Heap after GC invocations=19 (full 0):
 garbage-first heap   total 102400K, used 52057K [0x0000000600000000, 0x0000000800000000)
  region size 4096K, 1 young (4096K), 1 survivors (4096K)
 Metaspace       used 63189K, committed 65280K, reserved 1114112K
  class space    used 9329K, committed 10368K, reserved 1048576K
}
Event: 30.297 GC heap before
{Heap before GC invocations=19 (full 0):
 garbage-first heap   total 102400K, used 88921K [0x0000000600000000, 0x0000000800000000)
  region size 4096K, 10 young (40960K), 1 survivors (4096K)
 Metaspace       used 65692K, committed 67776K, reserved 1114112K
  class space    used 9692K, committed 10688K, reserved 1048576K
}
Event: 30.305 GC heap after
{Heap after GC invocations=20 (full 0):
 garbage-first heap   total 102400K, used 55197K [0x0000000600000000, 0x0000000800000000)
  region size 4096K, 2 young (8192K), 2 survivors (8192K)
 Metaspace       used 65692K, committed 67776K, reserved 1114112K
  class space    used 9692K, committed 10688K, reserved 1048576K
}
Event: 31.746 GC heap before
{Heap before GC invocations=21 (full 0):
 garbage-first heap   total 102400K, used 87965K [0x0000000600000000, 0x0000000800000000)
  region size 4096K, 10 young (40960K), 2 survivors (8192K)
 Metaspace       used 67235K, committed 69376K, reserved 1114112K
  class space    used 9927K, committed 10944K, reserved 1048576K
}
Event: 31.755 GC heap after
{Heap after GC invocations=22 (full 0):
 garbage-first heap   total 102400K, used 56812K [0x0000000600000000, 0x0000000800000000)
  region size 4096K, 2 young (8192K), 2 survivors (8192K)
 Metaspace       used 67235K, committed 69376K, reserved 1114112K
  class space    used 9927K, committed 10944K, reserved 1048576K
}

