# JRE version: Java(TM) SE Runtime Environment (26.0.2.1+1) (build 26.0.2.1+1-7)
# Java VM: Java HotSpot(TM) 64-Bit Server VM (26.0.2.1+1-7, mixed mode, sharing, tiered, compressed oops, compressed class ptrs, g1 gc, windows-amd64)
GC Precious Log:
 CardTable entry size: 512
 Card Set container configuration: InlinePtr #cards 4 size 8 Array Of Cards #cards 32 size 80 Howl #buckets 8 coarsen threshold 7372 Howl Bitmap #cards 1024 size 144 coarsen threshold 921 Card regions per heap region 1 cards per card region 8192
 CPUs: 12 total, 12 available
 Memory: 16108M
 Large Page Support: Disabled
 NUMA Support: Disabled
 Compressed Oops: Enabled (Zero based)
 Heap Region Size: 4M
 Heap Min Capacity: 8M
 Heap Initial Capacity: 8M
 Heap Max Capacity: 8G
 Pre-touch: Disabled
 Parallel Workers: 10
 Concurrent Workers: 3
 Concurrent Refinement Workers: 10
 Periodic GC: Disabled
Heap:
 garbage-first heap   total reserved 8388608K, committed 540672K, used 309370K [0x0000000600000000, 0x0000000800000000)
  region size 4M, 9 eden (36M), 8 survivor (32M), 59 old (236M), 1 humongous (4M), 55 free (220M)
GC Heap Usage History (20 events):
Event: 85.931 {heap Before GC invocations=48 (full 0):
 garbage-first heap   total reserved 8388608K, committed 180224K, used 166338K [0x0000000600000000, 0x0000000800000000)
  region size 4M, 10 eden (40M), 1 survivor (4M), 29 old (116M), 1 humongous (4M), 3 free (12M)
}
Event: 85.939 {heap After GC invocations=49 (full 0):
 garbage-first heap   total reserved 8388608K, committed 180224K, used 127295K [0x0000000600000000, 0x0000000800000000)
  region size 4M, 0 eden (0M), 2 survivor (8M), 29 old (116M), 1 humongous (4M), 12 free (48M)
}
Event: 87.081 {heap Before GC invocations=49 (full 0):
 garbage-first heap   total reserved 8388608K, committed 180224K, used 160063K [0x0000000600000000, 0x0000000800000000)
  region size 4M, 9 eden (36M), 2 survivor (8M), 29 old (116M), 1 humongous (4M), 3 free (12M)
}
Event: 87.093 {heap After GC invocations=50 (full 0):
 garbage-first heap   total reserved 8388608K, committed 180224K, used 130921K [0x0000000600000000, 0x0000000800000000)
  region size 4M, 0 eden (0M), 2 survivor (8M), 30 old (120M), 1 humongous (4M), 11 free (44M)
}
Event: 87.583 {heap Before GC invocations=50 (full 0):
 garbage-first heap   total reserved 8388608K, committed 180224K, used 159593K [0x0000000600000000, 0x0000000800000000)
  region size 4M, 8 eden (32M), 2 survivor (8M), 30 old (120M), 1 humongous (4M), 3 free (12M)
}
Event: 87.594 {heap After GC invocations=51 (full 0):
 garbage-first heap   total reserved 8388608K, committed 180224K, used 134507K [0x0000000600000000, 0x0000000800000000)
  region size 4M, 0 eden (0M), 2 survivor (8M), 31 old (124M), 1 humongous (4M), 10 free (40M)
}
Event: 88.086 {heap Before GC invocations=52 (full 0):
 garbage-first heap   total reserved 8388608K, committed 180224K, used 159083K [0x0000000600000000, 0x0000000800000000)
  region size 4M, 7 eden (28M), 2 survivor (8M), 31 old (124M), 1 humongous (4M), 3 free (12M)
}
Event: 88.097 {heap After GC invocations=53 (full 0):
 garbage-first heap   total reserved 8388608K, committed 540672K, used 135852K [0x0000000600000000, 0x0000000800000000)
  region size 4M, 0 eden (0M), 2 survivor (8M), 31 old (124M), 1 humongous (4M), 98 free (392M)
}
Event: 95.999 {heap Before GC invocations=53 (full 0):
 garbage-first heap   total reserved 8388608K, committed 540672K, used 438956K [0x0000000600000000, 0x0000000800000000)
  region size 4M, 75 eden (300M), 2 survivor (8M), 31 old (124M), 1 humongous (4M), 23 free (92M)
}
Event: 96.037 {heap After GC invocations=54 (full 0):
 garbage-first heap   total reserved 8388608K, committed 540672K, used 159887K [0x0000000600000000, 0x0000000800000000)
  region size 4M, 0 eden (0M), 9 survivor (36M), 30 old (120M), 1 humongous (4M), 92 free (368M)
}
Event: 107.627 {heap Before GC invocations=54 (full 0):
 garbage-first heap   total reserved 8388608K, committed 540672K, used 446607K [0x0000000600000000, 0x0000000800000000)
  region size 4M, 70 eden (280M), 9 survivor (36M), 30 old (120M), 1 humongous (4M), 22 free (88M)
}
Event: 107.676 {heap After GC invocations=55 (full 0):
 garbage-first heap   total reserved 8388608K, committed 540672K, used 181220K [0x0000000600000000, 0x0000000800000000)
  region size 4M, 0 eden (0M), 7 survivor (28M), 38 old (152M), 1 humongous (4M), 86 free (344M)
}
Event: 127.856 {heap Before GC invocations=55 (full 0):
 garbage-first heap   total reserved 8388608K, committed 540672K, used 459748K [0x0000000600000000, 0x0000000800000000)
  region size 4M, 69 eden (276M), 7 survivor (28M), 38 old (152M), 1 humongous (4M), 17 free (68M)
}
Event: 128.007 {heap After GC invocations=56 (full 0):
 garbage-first heap   total reserved 8388608K, committed 540672K, used 202461K [0x0000000600000000, 0x0000000800000000)
  region size 4M, 0 eden (0M), 7 survivor (28M), 43 old (172M), 1 humongous (4M), 81 free (324M)
}
Event: 154.377 {heap Before GC invocations=56 (full 0):
 garbage-first heap   total reserved 8388608K, committed 540672K, used 460509K [0x0000000600000000, 0x0000000800000000)
  region size 4M, 64 eden (256M), 7 survivor (28M), 43 old (172M), 1 humongous (4M), 17 free (68M)
}
Event: 154.499 {heap After GC invocations=57 (full 0):
 garbage-first heap   total reserved 8388608K, committed 540672K, used 221360K [0x0000000600000000, 0x0000000800000000)
  region size 4M, 0 eden (0M), 6 survivor (24M), 48 old (192M), 1 humongous (4M), 77 free (308M)
}
Event: 176.491 {heap Before GC invocations=57 (full 0):
 garbage-first heap   total reserved 8388608K, committed 540672K, used 471216K [0x0000000600000000, 0x0000000800000000)
  region size 4M, 61 eden (244M), 6 survivor (24M), 48 old (192M), 1 humongous (4M), 16 free (64M)
}
Event: 176.581 {heap After GC invocations=58 (full 0):
 garbage-first heap   total reserved 8388608K, committed 540672K, used 243695K [0x0000000600000000, 0x0000000800000000)
  region size 4M, 0 eden (0M), 6 survivor (24M), 53 old (212M), 1 humongous (4M), 72 free (288M)
}
Event: 197.251 {heap Before GC invocations=58 (full 0):
 garbage-first heap   total reserved 8388608K, committed 540672K, used 477167K [0x0000000600000000, 0x0000000800000000)
  region size 4M, 57 eden (228M), 6 survivor (24M), 53 old (212M), 1 humongous (4M), 15 free (60M)
}
Event: 197.273 {heap After GC invocations=59 (full 0):
 garbage-first heap   total reserved 8388608K, committed 540672K, used 276602K [0x0000000600000000, 0x0000000800000000)
  region size 4M, 0 eden (0M), 8 survivor (32M), 59 old (236M), 1 humongous (4M), 64 free (256M)
}

