# JRE version: Java(TM) SE Runtime Environment (26.0.2.1+1) (build 26.0.2.1+1-7)
# Java VM: Java HotSpot(TM) 64-Bit Server VM (26.0.2.1+1-7, mixed mode, sharing, tiered, compressed oops, compressed class ptrs, g1 gc, windows-amd64)
GC Precious Log:
 CardTable entry size: 512
 Card Set container configuration: InlinePtr #cards 4 size 8 Array Of Cards #cards 32 size 80 Howl #buckets 8 coarsen threshold 7372 Howl Bitmap #cards 1024 size 144 coarsen threshold 921 Card regions per heap region 1 cards per card region 8192
 CPUs: 12 total, 12 available
 Memory: 16108M
 Large Page Support: Disabled
 NUMA Support: Disabled
 Compressed Oops: Enabled (Zero based)
 Heap Region Size: 4M
 Heap Min Capacity: 8M
 Heap Initial Capacity: 8M
 Heap Max Capacity: 8G
 Pre-touch: Disabled
 Parallel Workers: 10
 Concurrent Workers: 3
 Concurrent Refinement Workers: 10
 Periodic GC: Disabled
Heap:
 garbage-first heap   total reserved 8388608K, committed 602112K, used 317460K [0x0000000600000000, 0x0000000800000000)
  region size 4M, 0 eden (0M), 3 survivor (12M), 75 old (300M), 1 humongous (4M), 68 free (272M)
GC Heap Usage History (20 events):
Event: 54.272 {heap After GC invocations=68 (full 0):
 garbage-first heap   total reserved 8388608K, committed 200704K, used 146002K [0x0000000600000000, 0x0000000800000000)
  region size 4M, 0 eden (0M), 1 survivor (4M), 35 old (140M), 1 humongous (4M), 12 free (48M)
}
Event: 54.500 {heap Before GC invocations=68 (full 0):
 garbage-first heap   total reserved 8388608K, committed 200704K, used 178770K [0x0000000600000000, 0x0000000800000000)
  region size 4M, 9 eden (36M), 1 survivor (4M), 35 old (140M), 1 humongous (4M), 3 free (12M)
}
Event: 54.509 {heap After GC invocations=69 (full 0):
 garbage-first heap   total reserved 8388608K, committed 602112K, used 146547K [0x0000000600000000, 0x0000000800000000)
  region size 4M, 0 eden (0M), 2 survivor (8M), 34 old (136M), 1 humongous (4M), 110 free (440M)
}
Event: 57.074 {heap Before GC invocations=69 (full 0):
 garbage-first heap   total reserved 8388608K, committed 602112K, used 408691K [0x0000000600000000, 0x0000000800000000)
  region size 4M, 65 eden (260M), 2 survivor (8M), 34 old (136M), 1 humongous (4M), 45 free (180M)
}
Event: 57.108 {heap After GC invocations=70 (full 0):
 garbage-first heap   total reserved 8388608K, committed 602112K, used 169293K [0x0000000600000000, 0x0000000800000000)
  region size 4M, 0 eden (0M), 7 survivor (28M), 34 old (136M), 1 humongous (4M), 105 free (420M)
}
Event: 60.017 {heap Before GC invocations=70 (full 0):
 garbage-first heap   total reserved 8388608K, committed 602112K, used 492877K [0x0000000600000000, 0x0000000800000000)
  region size 4M, 80 eden (320M), 7 survivor (28M), 34 old (136M), 1 humongous (4M), 25 free (100M)
}
Event: 60.044 {heap After GC invocations=71 (full 0):
 garbage-first heap   total reserved 8388608K, committed 602112K, used 203232K [0x0000000600000000, 0x0000000800000000)
  region size 4M, 0 eden (0M), 11 survivor (44M), 38 old (152M), 1 humongous (4M), 97 free (388M)
}
Event: 62.361 {heap Before GC invocations=71 (full 0):
 garbage-first heap   total reserved 8388608K, committed 602112K, used 502240K [0x0000000600000000, 0x0000000800000000)
  region size 4M, 74 eden (296M), 11 survivor (44M), 38 old (152M), 1 humongous (4M), 23 free (92M)
}
Event: 62.383 {heap After GC invocations=72 (full 0):
 garbage-first heap   total reserved 8388608K, committed 602112K, used 230992K [0x0000000600000000, 0x0000000800000000)
  region size 4M, 0 eden (0M), 7 survivor (28M), 49 old (196M), 1 humongous (4M), 90 free (360M)
}
Event: 67.379 {heap Before GC invocations=72 (full 0):
 garbage-first heap   total reserved 8388608K, committed 602112K, used 513616K [0x0000000600000000, 0x0000000800000000)
  region size 4M, 70 eden (280M), 7 survivor (28M), 49 old (196M), 1 humongous (4M), 20 free (80M)
}
Event: 67.406 {heap After GC invocations=73 (full 0):
 garbage-first heap   total reserved 8388608K, committed 602112K, used 264609K [0x0000000600000000, 0x0000000800000000)
  region size 4M, 0 eden (0M), 9 survivor (36M), 55 old (220M), 1 humongous (4M), 82 free (328M)
}
Event: 79.817 {heap Before GC invocations=74 (full 0):
 garbage-first heap   total reserved 8388608K, committed 602112K, used 518561K [0x0000000600000000, 0x0000000800000000)
  region size 4M, 62 eden (248M), 9 survivor (36M), 55 old (220M), 1 humongous (4M), 20 free (80M)
}
Event: 79.844 {heap After GC invocations=75 (full 0):
 garbage-first heap   total reserved 8388608K, committed 602112K, used 291023K [0x0000000600000000, 0x0000000800000000)
  region size 4M, 0 eden (0M), 7 survivor (28M), 64 old (256M), 1 humongous (4M), 75 free (300M)
}
Event: 82.353 {heap Before GC invocations=75 (full 0):
 garbage-first heap   total reserved 8388608K, committed 602112K, used 524495K [0x0000000600000000, 0x0000000800000000)
  region size 4M, 57 eden (228M), 7 survivor (28M), 64 old (256M), 1 humongous (4M), 18 free (72M)
}
Event: 82.377 {heap After GC invocations=76 (full 0):
 garbage-first heap   total reserved 8388608K, committed 602112K, used 310071K [0x0000000600000000, 0x0000000800000000)
  region size 4M, 0 eden (0M), 6 survivor (24M), 69 old (276M), 1 humongous (4M), 71 free (284M)
}
Event: 85.389 {heap Before GC invocations=76 (full 0):
 garbage-first heap   total reserved 8388608K, committed 602112K, used 531255K [0x0000000600000000, 0x0000000800000000)
  region size 4M, 54 eden (216M), 6 survivor (24M), 69 old (276M), 1 humongous (4M), 17 free (68M)
}
Event: 85.413 {heap After GC invocations=77 (full 0):
 garbage-first heap   total reserved 8388608K, committed 602112K, used 332083K [0x0000000600000000, 0x0000000800000000)
  region size 4M, 0 eden (0M), 6 survivor (24M), 75 old (300M), 1 humongous (4M), 65 free (260M)
}
Event: 87.536 {heap Before GC invocations=78 (full 0):
 garbage-first heap   total reserved 8388608K, committed 602112K, used 536883K [0x0000000600000000, 0x0000000800000000)
  region size 4M, 50 eden (200M), 6 survivor (24M), 75 old (300M), 1 humongous (4M), 15 free (60M)
}
Event: 87.564 {heap After GC invocations=79 (full 0):
 garbage-first heap   total reserved 8388608K, committed 602112K, used 365399K [0x0000000600000000, 0x0000000800000000)
  region size 4M, 0 eden (0M), 7 survivor (28M), 82 old (328M), 1 humongous (4M), 57 free (228M)
}
Event: 210.283 {heap Before GC invocations=79 (full 0):
 garbage-first heap   total reserved 8388608K, committed 602112K, used 529239K [0x0000000600000000, 0x0000000800000000)
  region size 4M, 41 eden (164M), 7 survivor (28M), 82 old (328M), 1 humongous (4M), 16 free (64M)
}

