# JRE version: Java(TM) SE Runtime Environment (26.0.2.1+1) (build 26.0.2.1+1-7)
# Java VM: Java HotSpot(TM) 64-Bit Server VM (26.0.2.1+1-7, mixed mode, sharing, tiered, compressed oops, compressed class ptrs, g1 gc, windows-amd64)
GC Precious Log:
 CardTable entry size: 512
 Card Set container configuration: InlinePtr #cards 4 size 8 Array Of Cards #cards 32 size 80 Howl #buckets 8 coarsen threshold 7372 Howl Bitmap #cards 1024 size 144 coarsen threshold 921 Card regions per heap region 1 cards per card region 8192
 CPUs: 12 total, 12 available
 Memory: 16108M
 Large Page Support: Disabled
 NUMA Support: Disabled
 Compressed Oops: Enabled (Zero based)
 Heap Region Size: 4M
 Heap Min Capacity: 8M
 Heap Initial Capacity: 8M
 Heap Max Capacity: 8G
 Pre-touch: Disabled
 Parallel Workers: 10
 Concurrent Workers: 3
 Concurrent Refinement Workers: 10
 Periodic GC: Disabled
Heap:
 garbage-first heap   total reserved 8388608K, committed 245760K, used 135274K [0x0000000600000000, 0x0000000800000000)
  region size 4M, 22 eden (88M), 1 survivor (4M), 12 old (48M), 1 humongous (4M), 24 free (96M)
GC Heap Usage History (20 events):
Event: 23.715 {heap Before GC invocations=28 (full 0):
 garbage-first heap   total reserved 8388608K, committed 73728K, used 57197K [0x0000000600000000, 0x0000000800000000)
  region size 4M, 5 eden (20M), 1 survivor (4M), 9 old (36M), 1 humongous (4M), 2 free (8M)
}
Event: 23.722 {heap After GC invocations=29 (full 0):
 garbage-first heap   total reserved 8388608K, committed 73728K, used 43965K [0x0000000600000000, 0x0000000800000000)
  region size 4M, 0 eden (0M), 1 survivor (4M), 9 old (36M), 1 humongous (4M), 7 free (28M)
}
Event: 24.204 {heap Before GC invocations=29 (full 0):
 garbage-first heap   total reserved 8388608K, committed 73728K, used 60349K [0x0000000600000000, 0x0000000800000000)
  region size 4M, 5 eden (20M), 1 survivor (4M), 9 old (36M), 1 humongous (4M), 2 free (8M)
}
Event: 24.211 {heap After GC invocations=30 (full 0):
 garbage-first heap   total reserved 8388608K, committed 73728K, used 45634K [0x0000000600000000, 0x0000000800000000)
  region size 4M, 0 eden (0M), 1 survivor (4M), 10 old (40M), 1 humongous (4M), 6 free (24M)
}
Event: 24.867 {heap Before GC invocations=30 (full 0):
 garbage-first heap   total reserved 8388608K, committed 73728K, used 62018K [0x0000000600000000, 0x0000000800000000)
  region size 4M, 4 eden (16M), 1 survivor (4M), 10 old (40M), 1 humongous (4M), 2 free (8M)
}
Event: 24.872 {heap After GC invocations=31 (full 0):
 garbage-first heap   total reserved 8388608K, committed 73728K, used 45513K [0x0000000600000000, 0x0000000800000000)
  region size 4M, 0 eden (0M), 1 survivor (4M), 10 old (40M), 1 humongous (4M), 6 free (24M)
}
Event: 25.390 {heap Before GC invocations=31 (full 0):
 garbage-first heap   total reserved 8388608K, committed 73728K, used 57801K [0x0000000600000000, 0x0000000800000000)
  region size 4M, 4 eden (16M), 1 survivor (4M), 10 old (40M), 1 humongous (4M), 2 free (8M)
}
Event: 25.394 {heap After GC invocations=32 (full 0):
 garbage-first heap   total reserved 8388608K, committed 73728K, used 46171K [0x0000000600000000, 0x0000000800000000)
  region size 4M, 0 eden (0M), 1 survivor (4M), 10 old (40M), 1 humongous (4M), 6 free (24M)
}
Event: 25.913 {heap Before GC invocations=32 (full 0):
 garbage-first heap   total reserved 8388608K, committed 73728K, used 66651K [0x0000000600000000, 0x0000000800000000)
  region size 4M, 5 eden (20M), 1 survivor (4M), 10 old (40M), 1 humongous (4M), 1 free (4M)
}
Event: 25.919 {heap After GC invocations=33 (full 0):
 garbage-first heap   total reserved 8388608K, committed 77824K, used 51419K [0x0000000600000000, 0x0000000800000000)
  region size 4M, 0 eden (0M), 1 survivor (4M), 11 old (44M), 1 humongous (4M), 6 free (24M)
}
Event: 26.409 {heap Before GC invocations=33 (full 0):
 garbage-first heap   total reserved 8388608K, committed 77824K, used 67803K [0x0000000600000000, 0x0000000800000000)
  region size 4M, 4 eden (16M), 1 survivor (4M), 11 old (44M), 1 humongous (4M), 2 free (8M)
}
Event: 26.415 {heap After GC invocations=34 (full 0):
 garbage-first heap   total reserved 8388608K, committed 77824K, used 52249K [0x0000000600000000, 0x0000000800000000)
  region size 4M, 0 eden (0M), 1 survivor (4M), 12 old (48M), 1 humongous (4M), 5 free (20M)
}
Event: 27.173 {heap Before GC invocations=35 (full 0):
 garbage-first heap   total reserved 8388608K, committed 77824K, used 68633K [0x0000000600000000, 0x0000000800000000)
  region size 4M, 4 eden (16M), 1 survivor (4M), 12 old (48M), 1 humongous (4M), 1 free (4M)
}
Event: 27.174 {heap After GC invocations=36 (full 0):
 garbage-first heap   total reserved 8388608K, committed 77824K, used 52925K [0x0000000600000000, 0x0000000800000000)
  region size 4M, 0 eden (0M), 1 survivor (4M), 12 old (48M), 1 humongous (4M), 5 free (20M)
}
Event: 27.955 {heap Before GC invocations=36 (full 0):
 garbage-first heap   total reserved 8388608K, committed 77824K, used 69309K [0x0000000600000000, 0x0000000800000000)
  region size 4M, 4 eden (16M), 1 survivor (4M), 12 old (48M), 1 humongous (4M), 1 free (4M)
}
Event: 27.960 {heap After GC invocations=37 (full 0):
 garbage-first heap   total reserved 8388608K, committed 81920K, used 52421K [0x0000000600000000, 0x0000000800000000)
  region size 4M, 0 eden (0M), 1 survivor (4M), 12 old (48M), 1 humongous (4M), 6 free (24M)
}
Event: 28.571 {heap Before GC invocations=37 (full 0):
 garbage-first heap   total reserved 8388608K, committed 81920K, used 68805K [0x0000000600000000, 0x0000000800000000)
  region size 4M, 4 eden (16M), 1 survivor (4M), 12 old (48M), 1 humongous (4M), 2 free (8M)
}
Event: 28.574 {heap After GC invocations=38 (full 0):
 garbage-first heap   total reserved 8388608K, committed 81920K, used 52915K [0x0000000600000000, 0x0000000800000000)
  region size 4M, 0 eden (0M), 1 survivor (4M), 12 old (48M), 1 humongous (4M), 6 free (24M)
}
Event: 28.875 {heap Before GC invocations=38 (full 0):
 garbage-first heap   total reserved 8388608K, committed 81920K, used 69299K [0x0000000600000000, 0x0000000800000000)
  region size 4M, 4 eden (16M), 1 survivor (4M), 12 old (48M), 1 humongous (4M), 2 free (8M)
}
Event: 28.885 {heap After GC invocations=39 (full 0):
 garbage-first heap   total reserved 8388608K, committed 245760K, used 53354K [0x0000000600000000, 0x0000000800000000)
  region size 4M, 0 eden (0M), 1 survivor (4M), 12 old (48M), 1 humongous (4M), 46 free (184M)
}

