# JRE version: OpenJDK Runtime Environment Temurin-21.0.12.1+1 (21.0.12.1+1) (build 21.0.12.1+1-LTS)
# Java VM: OpenJDK 64-Bit Server VM Temurin-21.0.12.1+1 (21.0.12.1+1-LTS, mixed mode, sharing, tiered, compressed oops, compressed class ptrs, g1 gc, windows-amd64)
GC Precious Log:
 CardTable entry size: 512
 Card Set container configuration: InlinePtr #cards 4 size 8 Array Of Cards #cards 32 size 80 Howl #buckets 8 coarsen threshold 7372 Howl Bitmap #cards 1024 size 144 coarsen threshold 921 Card regions per heap region 1 cards per card region 8192
 CPUs: 12 total, 12 available
 Memory: 16108M
 Large Page Support: Disabled
 NUMA Support: Disabled
 Compressed Oops: Enabled (Zero based)
 Heap Region Size: 4M
 Heap Min Capacity: 8M
 Heap Initial Capacity: 252M
 Heap Max Capacity: 8G
 Pre-touch: Disabled
 Parallel Workers: 10
 Concurrent Workers: 3
 Concurrent Refinement Workers: 10
 Periodic GC: Disabled
Heap:
 garbage-first heap   total 106496K, used 67379K [0x0000000600000000, 0x0000000800000000)
  region size 4096K, 6 young (24576K), 2 survivors (8192K)
 Metaspace       used 69355K, committed 71552K, reserved 1114112K
  class space    used 10260K, committed 11328K, reserved 1048576K
GC Heap History (20 events):
Event: 15.500 GC heap before
{Heap before GC invocations=10 (full 0):
 garbage-first heap   total 102400K, used 81735K [0x0000000600000000, 0x0000000800000000)
  region size 4096K, 14 young (57344K), 2 survivors (8192K)
 Metaspace       used 41593K, committed 43328K, reserved 1114112K
  class space    used 6133K, committed 6976K, reserved 1048576K
}
Event: 15.506 GC heap after
{Heap after GC invocations=11 (full 0):
 garbage-first heap   total 102400K, used 34292K [0x0000000600000000, 0x0000000800000000)
  region size 4096K, 2 young (8192K), 2 survivors (8192K)
 Metaspace       used 41593K, committed 43328K, reserved 1114112K
  class space    used 6133K, committed 6976K, reserved 1048576K
}
Event: 18.351 GC heap before
{Heap before GC invocations=11 (full 0):
 garbage-first heap   total 102400K, used 83444K [0x0000000600000000, 0x0000000800000000)
  region size 4096K, 14 young (57344K), 2 survivors (8192K)
 Metaspace       used 45567K, committed 47360K, reserved 1114112K
  class space    used 6796K, committed 7680K, reserved 1048576K
}
Event: 18.359 GC heap after
{Heap after GC invocations=12 (full 0):
 garbage-first heap   total 102400K, used 37366K [0x0000000600000000, 0x0000000800000000)
  region size 4096K, 2 young (8192K), 2 survivors (8192K)
 Metaspace       used 45567K, committed 47360K, reserved 1114112K
  class space    used 6796K, committed 7680K, reserved 1048576K
}
Event: 22.340 GC heap before
{Heap before GC invocations=12 (full 0):
 garbage-first heap   total 102400K, used 86518K [0x0000000600000000, 0x0000000800000000)
  region size 4096K, 14 young (57344K), 2 survivors (8192K)
 Metaspace       used 49215K, committed 51008K, reserved 1114112K
  class space    used 7340K, committed 8192K, reserved 1048576K
}
Event: 22.351 GC heap after
{Heap after GC invocations=13 (full 0):
 garbage-first heap   total 102400K, used 42584K [0x0000000600000000, 0x0000000800000000)
  region size 4096K, 2 young (8192K), 2 survivors (8192K)
 Metaspace       used 49215K, committed 51008K, reserved 1114112K
  class space    used 7340K, committed 8192K, reserved 1048576K
}
Event: 24.013 GC heap before
{Heap before GC invocations=13 (full 0):
 garbage-first heap   total 102400K, used 83544K [0x0000000600000000, 0x0000000800000000)
  region size 4096K, 13 young (53248K), 2 survivors (8192K)
 Metaspace       used 52261K, committed 54208K, reserved 1114112K
  class space    used 7837K, committed 8832K, reserved 1048576K
}
Event: 24.020 GC heap after
{Heap after GC invocations=14 (full 0):
 garbage-first heap   total 102400K, used 42217K [0x0000000600000000, 0x0000000800000000)
  region size 4096K, 1 young (4096K), 1 survivors (4096K)
 Metaspace       used 52261K, committed 54208K, reserved 1114112K
  class space    used 7837K, committed 8832K, reserved 1048576K
}
Event: 26.114 GC heap before
{Heap before GC invocations=14 (full 0):
 garbage-first heap   total 102400K, used 83177K [0x0000000600000000, 0x0000000800000000)
  region size 4096K, 12 young (49152K), 1 survivors (4096K)
 Metaspace       used 56489K, committed 58432K, reserved 1114112K
  class space    used 8403K, committed 9344K, reserved 1048576K
}
Event: 26.118 GC heap after
{Heap after GC invocations=15 (full 0):
 garbage-first heap   total 102400K, used 47239K [0x0000000600000000, 0x0000000800000000)
  region size 4096K, 2 young (8192K), 2 survivors (8192K)
 Metaspace       used 56489K, committed 58432K, reserved 1114112K
  class space    used 8403K, committed 9344K, reserved 1048576K
}
Event: 26.771 GC heap before
{Heap before GC invocations=15 (full 0):
 garbage-first heap   total 102400K, used 59527K [0x0000000600000000, 0x0000000800000000)
  region size 4096K, 6 young (24576K), 2 survivors (8192K)
 Metaspace       used 58771K, committed 60736K, reserved 1114112K
  class space    used 8678K, committed 9600K, reserved 1048576K
}
Event: 26.779 GC heap after
{Heap after GC invocations=16 (full 0):
 garbage-first heap   total 102400K, used 49122K [0x0000000600000000, 0x0000000800000000)
  region size 4096K, 1 young (4096K), 1 survivors (4096K)
 Metaspace       used 58771K, committed 60736K, reserved 1114112K
  class space    used 8678K, committed 9600K, reserved 1048576K
}
Event: 27.887 GC heap before
{Heap before GC invocations=17 (full 0):
 garbage-first heap   total 102400K, used 85986K [0x0000000600000000, 0x0000000800000000)
  region size 4096K, 10 young (40960K), 1 survivors (4096K)
 Metaspace       used 61292K, committed 63296K, reserved 1114112K
  class space    used 9076K, committed 10048K, reserved 1048576K
}
Event: 27.891 GC heap after
{Heap after GC invocations=18 (full 0):
 garbage-first heap   total 102400K, used 49970K [0x0000000600000000, 0x0000000800000000)
  region size 4096K, 1 young (4096K), 1 survivors (4096K)
 Metaspace       used 61292K, committed 63296K, reserved 1114112K
  class space    used 9076K, committed 10048K, reserved 1048576K
}
Event: 29.015 GC heap before
{Heap before GC invocations=18 (full 0):
 garbage-first heap   total 102400K, used 86834K [0x0000000600000000, 0x0000000800000000)
  region size 4096K, 10 young (40960K), 1 survivors (4096K)
 Metaspace       used 63743K, committed 65792K, reserved 1114112K
  class space    used 9427K, committed 10432K, reserved 1048576K
}
Event: 29.018 GC heap after
{Heap after GC invocations=19 (full 0):
 garbage-first heap   total 102400K, used 50790K [0x0000000600000000, 0x0000000800000000)
  region size 4096K, 1 young (4096K), 1 survivors (4096K)
 Metaspace       used 63743K, committed 65792K, reserved 1114112K
  class space    used 9427K, committed 10432K, reserved 1048576K
}
Event: 31.076 GC heap before
{Heap before GC invocations=20 (full 0):
 garbage-first heap   total 102400K, used 87654K [0x0000000600000000, 0x0000000800000000)
  region size 4096K, 10 young (40960K), 1 survivors (4096K)
 Metaspace       used 65900K, committed 67968K, reserved 1114112K
  class space    used 9735K, committed 10752K, reserved 1048576K
}
Event: 31.082 GC heap after
{Heap after GC invocations=21 (full 0):
 garbage-first heap   total 102400K, used 53340K [0x0000000600000000, 0x0000000800000000)
  region size 4096K, 2 young (8192K), 2 survivors (8192K)
 Metaspace       used 65900K, committed 67968K, reserved 1114112K
  class space    used 9735K, committed 10752K, reserved 1048576K
}
Event: 33.235 GC heap before
{Heap before GC invocations=21 (full 0):
 garbage-first heap   total 102400K, used 90204K [0x0000000600000000, 0x0000000800000000)
  region size 4096K, 11 young (45056K), 2 survivors (8192K)
 Metaspace       used 68296K, committed 70464K, reserved 1114112K
  class space    used 10079K, committed 11136K, reserved 1048576K
}
Event: 33.250 GC heap after
{Heap after GC invocations=22 (full 0):
 garbage-first heap   total 106496K, used 55091K [0x0000000600000000, 0x0000000800000000)
  region size 4096K, 2 young (8192K), 2 survivors (8192K)
 Metaspace       used 68296K, committed 70464K, reserved 1114112K
  class space    used 10079K, committed 11136K, reserved 1048576K
}

